This is pdfTeX, Version 3.14159265-2.6-1.40.17 (MiKTeX 2.9.6210 64-bit) (preloaded format=pdflatex 2017.3.20)  12 FEB 2018 12:10
entering extended mode
**./Aldo_TFM.tex
(Aldo_TFM.tex
LaTeX2e <2017/01/01> patch level 1
Babel <3.9r> and hyphenation patterns for 75 language(s) loaded.
("D:\Program Files\MiKTeX 2.9\tex\latex\base\article.cls"
Document Class: article 2014/09/29 v1.4h Standard LaTeX document class
("D:\Program Files\MiKTeX 2.9\tex\latex\base\size12.clo"
File: size12.clo 2014/09/29 v1.4h Standard LaTeX file (size option)
)
\c@part=\count79
\c@section=\count80
\c@subsection=\count81
\c@subsubsection=\count82
\c@paragraph=\count83
\c@subparagraph=\count84
\c@figure=\count85
\c@table=\count86
\abovecaptionskip=\skip41
\belowcaptionskip=\skip42
\bibindent=\dimen102
)
("D:\Program Files\MiKTeX 2.9\tex\latex\base\inputenc.sty"
Package: inputenc 2015/03/17 v1.2c Input encoding file
\inpenc@prehook=\toks14
\inpenc@posthook=\toks15

("D:\Program Files\MiKTeX 2.9\tex\latex\base\utf8.def"
File: utf8.def 2016/02/28 v1.1s UTF-8 support for inputenc
Now handling font encoding OML ...
... no UTF-8 mapping file for font encoding OML
Now handling font encoding T1 ...
... processing UTF-8 mapping file for font encoding T1

("D:\Program Files\MiKTeX 2.9\tex\latex\base\t1enc.dfu"
File: t1enc.dfu 2016/02/28 v1.1s UTF-8 support for inputenc
   defining Unicode char U+00A0 (decimal 160)
   defining Unicode char U+00A1 (decimal 161)
   defining Unicode char U+00A3 (decimal 163)
   defining Unicode char U+00AB (decimal 171)
   defining Unicode char U+00AD (decimal 173)
   defining Unicode char U+00BB (decimal 187)
   defining Unicode char U+00BF (decimal 191)
   defining Unicode char U+00C0 (decimal 192)
   defining Unicode char U+00C1 (decimal 193)
   defining Unicode char U+00C2 (decimal 194)
   defining Unicode char U+00C3 (decimal 195)
   defining Unicode char U+00C4 (decimal 196)
   defining Unicode char U+00C5 (decimal 197)
   defining Unicode char U+00C6 (decimal 198)
   defining Unicode char U+00C7 (decimal 199)
   defining Unicode char U+00C8 (decimal 200)
   defining Unicode char U+00C9 (decimal 201)
   defining Unicode char U+00CA (decimal 202)
   defining Unicode char U+00CB (decimal 203)
   defining Unicode char U+00CC (decimal 204)
   defining Unicode char U+00CD (decimal 205)
   defining Unicode char U+00CE (decimal 206)
   defining Unicode char U+00CF (decimal 207)
   defining Unicode char U+00D0 (decimal 208)
   defining Unicode char U+00D1 (decimal 209)
   defining Unicode char U+00D2 (decimal 210)
   defining Unicode char U+00D3 (decimal 211)
   defining Unicode char U+00D4 (decimal 212)
   defining Unicode char U+00D5 (decimal 213)
   defining Unicode char U+00D6 (decimal 214)
   defining Unicode char U+00D8 (decimal 216)
   defining Unicode char U+00D9 (decimal 217)
   defining Unicode char U+00DA (decimal 218)
   defining Unicode char U+00DB (decimal 219)
   defining Unicode char U+00DC (decimal 220)
   defining Unicode char U+00DD (decimal 221)
   defining Unicode char U+00DE (decimal 222)
   defining Unicode char U+00DF (decimal 223)
   defining Unicode char U+00E0 (decimal 224)
   defining Unicode char U+00E1 (decimal 225)
   defining Unicode char U+00E2 (decimal 226)
   defining Unicode char U+00E3 (decimal 227)
   defining Unicode char U+00E4 (decimal 228)
   defining Unicode char U+00E5 (decimal 229)
   defining Unicode char U+00E6 (decimal 230)
   defining Unicode char U+00E7 (decimal 231)
   defining Unicode char U+00E8 (decimal 232)
   defining Unicode char U+00E9 (decimal 233)
   defining Unicode char U+00EA (decimal 234)
   defining Unicode char U+00EB (decimal 235)
   defining Unicode char U+00EC (decimal 236)
   defining Unicode char U+00ED (decimal 237)
   defining Unicode char U+00EE (decimal 238)
   defining Unicode char U+00EF (decimal 239)
   defining Unicode char U+00F0 (decimal 240)
   defining Unicode char U+00F1 (decimal 241)
   defining Unicode char U+00F2 (decimal 242)
   defining Unicode char U+00F3 (decimal 243)
   defining Unicode char U+00F4 (decimal 244)
   defining Unicode char U+00F5 (decimal 245)
   defining Unicode char U+00F6 (decimal 246)
   defining Unicode char U+00F8 (decimal 248)
   defining Unicode char U+00F9 (decimal 249)
   defining Unicode char U+00FA (decimal 250)
   defining Unicode char U+00FB (decimal 251)
   defining Unicode char U+00FC (decimal 252)
   defining Unicode char U+00FD (decimal 253)
   defining Unicode char U+00FE (decimal 254)
   defining Unicode char U+00FF (decimal 255)
   defining Unicode char U+0100 (decimal 256)
   defining Unicode char U+0101 (decimal 257)
   defining Unicode char U+0102 (decimal 258)
   defining Unicode char U+0103 (decimal 259)
   defining Unicode char U+0104 (decimal 260)
   defining Unicode char U+0105 (decimal 261)
   defining Unicode char U+0106 (decimal 262)
   defining Unicode char U+0107 (decimal 263)
   defining Unicode char U+0108 (decimal 264)
   defining Unicode char U+0109 (decimal 265)
   defining Unicode char U+010A (decimal 266)
   defining Unicode char U+010B (decimal 267)
   defining Unicode char U+010C (decimal 268)
   defining Unicode char U+010D (decimal 269)
   defining Unicode char U+010E (decimal 270)
   defining Unicode char U+010F (decimal 271)
   defining Unicode char U+0110 (decimal 272)
   defining Unicode char U+0111 (decimal 273)
   defining Unicode char U+0112 (decimal 274)
   defining Unicode char U+0113 (decimal 275)
   defining Unicode char U+0114 (decimal 276)
   defining Unicode char U+0115 (decimal 277)
   defining Unicode char U+0116 (decimal 278)
   defining Unicode char U+0117 (decimal 279)
   defining Unicode char U+0118 (decimal 280)
   defining Unicode char U+0119 (decimal 281)
   defining Unicode char U+011A (decimal 282)
   defining Unicode char U+011B (decimal 283)
   defining Unicode char U+011C (decimal 284)
   defining Unicode char U+011D (decimal 285)
   defining Unicode char U+011E (decimal 286)
   defining Unicode char U+011F (decimal 287)
   defining Unicode char U+0120 (decimal 288)
   defining Unicode char U+0121 (decimal 289)
   defining Unicode char U+0122 (decimal 290)
   defining Unicode char U+0123 (decimal 291)
   defining Unicode char U+0124 (decimal 292)
   defining Unicode char U+0125 (decimal 293)
   defining Unicode char U+0128 (decimal 296)
   defining Unicode char U+0129 (decimal 297)
   defining Unicode char U+012A (decimal 298)
   defining Unicode char U+012B (decimal 299)
   defining Unicode char U+012C (decimal 300)
   defining Unicode char U+012D (decimal 301)
   defining Unicode char U+012E (decimal 302)
   defining Unicode char U+012F (decimal 303)
   defining Unicode char U+0130 (decimal 304)
   defining Unicode char U+0131 (decimal 305)
   defining Unicode char U+0132 (decimal 306)
   defining Unicode char U+0133 (decimal 307)
   defining Unicode char U+0134 (decimal 308)
   defining Unicode char U+0135 (decimal 309)
   defining Unicode char U+0136 (decimal 310)
   defining Unicode char U+0137 (decimal 311)
   defining Unicode char U+0139 (decimal 313)
   defining Unicode char U+013A (decimal 314)
   defining Unicode char U+013B (decimal 315)
   defining Unicode char U+013C (decimal 316)
   defining Unicode char U+013D (decimal 317)
   defining Unicode char U+013E (decimal 318)
   defining Unicode char U+0141 (decimal 321)
   defining Unicode char U+0142 (decimal 322)
   defining Unicode char U+0143 (decimal 323)
   defining Unicode char U+0144 (decimal 324)
   defining Unicode char U+0145 (decimal 325)
   defining Unicode char U+0146 (decimal 326)
   defining Unicode char U+0147 (decimal 327)
   defining Unicode char U+0148 (decimal 328)
   defining Unicode char U+014A (decimal 330)
   defining Unicode char U+014B (decimal 331)
   defining Unicode char U+014C (decimal 332)
   defining Unicode char U+014D (decimal 333)
   defining Unicode char U+014E (decimal 334)
   defining Unicode char U+014F (decimal 335)
   defining Unicode char U+0150 (decimal 336)
   defining Unicode char U+0151 (decimal 337)
   defining Unicode char U+0152 (decimal 338)
   defining Unicode char U+0153 (decimal 339)
   defining Unicode char U+0154 (decimal 340)
   defining Unicode char U+0155 (decimal 341)
   defining Unicode char U+0156 (decimal 342)
   defining Unicode char U+0157 (decimal 343)
   defining Unicode char U+0158 (decimal 344)
   defining Unicode char U+0159 (decimal 345)
   defining Unicode char U+015A (decimal 346)
   defining Unicode char U+015B (decimal 347)
   defining Unicode char U+015C (decimal 348)
   defining Unicode char U+015D (decimal 349)
   defining Unicode char U+015E (decimal 350)
   defining Unicode char U+015F (decimal 351)
   defining Unicode char U+0160 (decimal 352)
   defining Unicode char U+0161 (decimal 353)
   defining Unicode char U+0162 (decimal 354)
   defining Unicode char U+0163 (decimal 355)
   defining Unicode char U+0164 (decimal 356)
   defining Unicode char U+0165 (decimal 357)
   defining Unicode char U+0168 (decimal 360)
   defining Unicode char U+0169 (decimal 361)
   defining Unicode char U+016A (decimal 362)
   defining Unicode char U+016B (decimal 363)
   defining Unicode char U+016C (decimal 364)
   defining Unicode char U+016D (decimal 365)
   defining Unicode char U+016E (decimal 366)
   defining Unicode char U+016F (decimal 367)
   defining Unicode char U+0170 (decimal 368)
   defining Unicode char U+0171 (decimal 369)
   defining Unicode char U+0172 (decimal 370)
   defining Unicode char U+0173 (decimal 371)
   defining Unicode char U+0174 (decimal 372)
   defining Unicode char U+0175 (decimal 373)
   defining Unicode char U+0176 (decimal 374)
   defining Unicode char U+0177 (decimal 375)
   defining Unicode char U+0178 (decimal 376)
   defining Unicode char U+0179 (decimal 377)
   defining Unicode char U+017A (decimal 378)
   defining Unicode char U+017B (decimal 379)
   defining Unicode char U+017C (decimal 380)
   defining Unicode char U+017D (decimal 381)
   defining Unicode char U+017E (decimal 382)
   defining Unicode char U+01CD (decimal 461)
   defining Unicode char U+01CE (decimal 462)
   defining Unicode char U+01CF (decimal 463)
   defining Unicode char U+01D0 (decimal 464)
   defining Unicode char U+01D1 (decimal 465)
   defining Unicode char U+01D2 (decimal 466)
   defining Unicode char U+01D3 (decimal 467)
   defining Unicode char U+01D4 (decimal 468)
   defining Unicode char U+01E2 (decimal 482)
   defining Unicode char U+01E3 (decimal 483)
   defining Unicode char U+01E6 (decimal 486)
   defining Unicode char U+01E7 (decimal 487)
   defining Unicode char U+01E8 (decimal 488)
   defining Unicode char U+01E9 (decimal 489)
   defining Unicode char U+01EA (decimal 490)
   defining Unicode char U+01EB (decimal 491)
   defining Unicode char U+01F0 (decimal 496)
   defining Unicode char U+01F4 (decimal 500)
   defining Unicode char U+01F5 (decimal 501)
   defining Unicode char U+0218 (decimal 536)
   defining Unicode char U+0219 (decimal 537)
   defining Unicode char U+021A (decimal 538)
   defining Unicode char U+021B (decimal 539)
   defining Unicode char U+1E02 (decimal 7682)
   defining Unicode char U+1E03 (decimal 7683)
   defining Unicode char U+200C (decimal 8204)
   defining Unicode char U+2010 (decimal 8208)
   defining Unicode char U+2011 (decimal 8209)
   defining Unicode char U+2012 (decimal 8210)
   defining Unicode char U+2013 (decimal 8211)
   defining Unicode char U+2014 (decimal 8212)
   defining Unicode char U+2015 (decimal 8213)
   defining Unicode char U+2018 (decimal 8216)
   defining Unicode char U+2019 (decimal 8217)
   defining Unicode char U+201A (decimal 8218)
   defining Unicode char U+201C (decimal 8220)
   defining Unicode char U+201D (decimal 8221)
   defining Unicode char U+201E (decimal 8222)
   defining Unicode char U+2030 (decimal 8240)
   defining Unicode char U+2031 (decimal 8241)
   defining Unicode char U+2039 (decimal 8249)
   defining Unicode char U+203A (decimal 8250)
   defining Unicode char U+2423 (decimal 9251)
)
Now handling font encoding OT1 ...
... processing UTF-8 mapping file for font encoding OT1

("D:\Program Files\MiKTeX 2.9\tex\latex\base\ot1enc.dfu"
File: ot1enc.dfu 2016/02/28 v1.1s UTF-8 support for inputenc
   defining Unicode char U+00A0 (decimal 160)
   defining Unicode char U+00A1 (decimal 161)
   defining Unicode char U+00A3 (decimal 163)
   defining Unicode char U+00AD (decimal 173)
   defining Unicode char U+00B8 (decimal 184)
   defining Unicode char U+00BF (decimal 191)
   defining Unicode char U+00C5 (decimal 197)
   defining Unicode char U+00C6 (decimal 198)
   defining Unicode char U+00D8 (decimal 216)
   defining Unicode char U+00DF (decimal 223)
   defining Unicode char U+00E6 (decimal 230)
   defining Unicode char U+00EC (decimal 236)
   defining Unicode char U+00ED (decimal 237)
   defining Unicode char U+00EE (decimal 238)
   defining Unicode char U+00EF (decimal 239)
   defining Unicode char U+00F8 (decimal 248)
   defining Unicode char U+0131 (decimal 305)
   defining Unicode char U+0141 (decimal 321)
   defining Unicode char U+0142 (decimal 322)
   defining Unicode char U+0152 (decimal 338)
   defining Unicode char U+0153 (decimal 339)
   defining Unicode char U+0174 (decimal 372)
   defining Unicode char U+0175 (decimal 373)
   defining Unicode char U+0176 (decimal 374)
   defining Unicode char U+0177 (decimal 375)
   defining Unicode char U+0218 (decimal 536)
   defining Unicode char U+0219 (decimal 537)
   defining Unicode char U+021A (decimal 538)
   defining Unicode char U+021B (decimal 539)
   defining Unicode char U+2013 (decimal 8211)
   defining Unicode char U+2014 (decimal 8212)
   defining Unicode char U+2018 (decimal 8216)
   defining Unicode char U+2019 (decimal 8217)
   defining Unicode char U+201C (decimal 8220)
   defining Unicode char U+201D (decimal 8221)
)
Now handling font encoding OMS ...
... processing UTF-8 mapping file for font encoding OMS

("D:\Program Files\MiKTeX 2.9\tex\latex\base\omsenc.dfu"
File: omsenc.dfu 2016/02/28 v1.1s UTF-8 support for inputenc
   defining Unicode char U+00A7 (decimal 167)
   defining Unicode char U+00B6 (decimal 182)
   defining Unicode char U+00B7 (decimal 183)
   defining Unicode char U+2020 (decimal 8224)
   defining Unicode char U+2021 (decimal 8225)
   defining Unicode char U+2022 (decimal 8226)
)
Now handling font encoding OMX ...
... no UTF-8 mapping file for font encoding OMX
Now handling font encoding U ...
... no UTF-8 mapping file for font encoding U
   defining Unicode char U+00A9 (decimal 169)
   defining Unicode char U+00AA (decimal 170)
   defining Unicode char U+00AE (decimal 174)
   defining Unicode char U+00BA (decimal 186)
   defining Unicode char U+02C6 (decimal 710)
   defining Unicode char U+02DC (decimal 732)
   defining Unicode char U+200C (decimal 8204)
   defining Unicode char U+2026 (decimal 8230)
   defining Unicode char U+2122 (decimal 8482)
   defining Unicode char U+2423 (decimal 9251)
))
("D:\Program Files\MiKTeX 2.9\tex\generic\babel\babel.sty"
Package: babel 2016/04/23 3.9r The Babel package

*************************************
* Local config file bblopts.cfg used
*
("D:\Program Files\MiKTeX 2.9\tex\latex\arabi\bblopts.cfg"
File: bblopts.cfg 2005/09/08 v0.1 add Arabic and Farsi to "declared" options of
 babel
)
("D:\Program Files\MiKTeX 2.9\tex\latex\babel-english\english.ldf"
Language: english 2017/01/24 v3.3q English support from the babel system

("D:\Program Files\MiKTeX 2.9\tex\generic\babel\babel.def"
File: babel.def 2016/04/23 3.9r Babel common definitions
\babel@savecnt=\count87
\U@D=\dimen103
)
\l@canadian = a dialect from \language\l@american 
\l@australian = a dialect from \language\l@british 
\l@newzealand = a dialect from \language\l@british 
))
("D:\Program Files\MiKTeX 2.9\tex\latex\amsmath\amsmath.sty"
Package: amsmath 2016/11/05 v2.16a AMS math features
\@mathmargin=\skip43

For additional information on amsmath, use the `?' option.
("D:\Program Files\MiKTeX 2.9\tex\latex\amsmath\amstext.sty"
Package: amstext 2000/06/29 v2.01 AMS text

("D:\Program Files\MiKTeX 2.9\tex\latex\amsmath\amsgen.sty"
File: amsgen.sty 1999/11/30 v2.0 generic functions
\@emptytoks=\toks16
\ex@=\dimen104
))
("D:\Program Files\MiKTeX 2.9\tex\latex\amsmath\amsbsy.sty"
Package: amsbsy 1999/11/29 v1.2d Bold Symbols
\pmbraise@=\dimen105
)
("D:\Program Files\MiKTeX 2.9\tex\latex\amsmath\amsopn.sty"
Package: amsopn 2016/03/08 v2.02 operator names
)
\inf@bad=\count88
LaTeX Info: Redefining \frac on input line 213.
\uproot@=\count89
\leftroot@=\count90
LaTeX Info: Redefining \overline on input line 375.
\classnum@=\count91
\DOTSCASE@=\count92
LaTeX Info: Redefining \ldots on input line 472.
LaTeX Info: Redefining \dots on input line 475.
LaTeX Info: Redefining \cdots on input line 596.
\Mathstrutbox@=\box26
\strutbox@=\box27
\big@size=\dimen106
LaTeX Font Info:    Redeclaring font encoding OML on input line 712.
LaTeX Font Info:    Redeclaring font encoding OMS on input line 713.
\macc@depth=\count93
\c@MaxMatrixCols=\count94
\dotsspace@=\muskip10
\c@parentequation=\count95
\dspbrk@lvl=\count96
\tag@help=\toks17
\row@=\count97
\column@=\count98
\maxfields@=\count99
\andhelp@=\toks18
\eqnshift@=\dimen107
\alignsep@=\dimen108
\tagshift@=\dimen109
\tagwidth@=\dimen110
\totwidth@=\dimen111
\lineht@=\dimen112
\@envbody=\toks19
\multlinegap=\skip44
\multlinetaggap=\skip45
\mathdisplay@stack=\toks20
LaTeX Info: Redefining \[ on input line 2817.
LaTeX Info: Redefining \] on input line 2818.
)
("D:\Program Files\MiKTeX 2.9\tex\latex\amsfonts\amsfonts.sty"
Package: amsfonts 2013/01/14 v3.01 Basic AMSFonts support
\symAMSa=\mathgroup4
\symAMSb=\mathgroup5
LaTeX Font Info:    Overwriting math alphabet `\mathfrak' in version `bold'
(Font)                  U/euf/m/n --> U/euf/b/n on input line 106.
)
("D:\Program Files\MiKTeX 2.9\tex\latex\amsfonts\amssymb.sty"
Package: amssymb 2013/01/14 v3.01 AMS font symbols
)
("D:\Program Files\MiKTeX 2.9\tex\latex\adjustbox\adjustbox.sty"
Package: adjustbox 2012/05/21 v1.0 Adjusting TeX boxes (trim, clip, ...)

("D:\Program Files\MiKTeX 2.9\tex\latex\xkeyval\xkeyval.sty"
Package: xkeyval 2014/12/03 v2.7a package option processing (HA)

("D:\Program Files\MiKTeX 2.9\tex\generic\xkeyval\xkeyval.tex"
("D:\Program Files\MiKTeX 2.9\tex\generic\xkeyval\xkvutils.tex"
\XKV@toks=\toks21
\XKV@tempa@toks=\toks22

("D:\Program Files\MiKTeX 2.9\tex\generic\xkeyval\keyval.tex"))
\XKV@depth=\count100
File: xkeyval.tex 2014/12/03 v2.7a key=value parser (HA)
))
("D:\Program Files\MiKTeX 2.9\tex\latex\adjustbox\adjcalc.sty"
Package: adjcalc 2012/05/16 v1.1 Provides advanced setlength with multiple back
-ends (calc, etex, pgfmath)
)
("D:\Program Files\MiKTeX 2.9\tex\latex\adjustbox\trimclip.sty"
Package: trimclip 2012/05/16 v1.0 Trim and clip general TeX material

("D:\Program Files\MiKTeX 2.9\tex\latex\graphics\graphicx.sty"
Package: graphicx 2014/10/28 v1.0g Enhanced LaTeX Graphics (DPC,SPQR)

("D:\Program Files\MiKTeX 2.9\tex\latex\graphics\graphics.sty"
Package: graphics 2016/10/09 v1.0u Standard LaTeX Graphics (DPC,SPQR)

("D:\Program Files\MiKTeX 2.9\tex\latex\graphics\trig.sty"
Package: trig 2016/01/03 v1.10 sin cos tan (DPC)
)
("D:\Program Files\MiKTeX 2.9\tex\latex\graphics-cfg\graphics.cfg"
File: graphics.cfg 2016/06/04 v1.11 sample graphics configuration
)
Package graphics Info: Driver file: pdftex.def on input line 99.

("D:\Program Files\MiKTeX 2.9\tex\latex\graphics-def\pdftex.def"
File: pdftex.def 2017/01/12 v0.06k Graphics/color for pdfTeX

("D:\Program Files\MiKTeX 2.9\tex\generic\oberdiek\infwarerr.sty"
Package: infwarerr 2016/05/16 v1.4 Providing info/warning/error messages (HO)
)
("D:\Program Files\MiKTeX 2.9\tex\generic\oberdiek\ltxcmds.sty"
Package: ltxcmds 2016/05/16 v1.23 LaTeX kernel commands for general use (HO)
)
\Gread@gobject=\count101
))
\Gin@req@height=\dimen113
\Gin@req@width=\dimen114
)
("D:\Program Files\MiKTeX 2.9\tex\latex\collectbox\collectbox.sty"
Package: collectbox 2012/05/17 v0.4b Collect macro arguments as boxes
\collectedbox=\box28
)
\tc@llx=\dimen115
\tc@lly=\dimen116
\tc@urx=\dimen117
\tc@ury=\dimen118
Package trimclip Info: Using driver 'tc-pdftex.def'.

("D:\Program Files\MiKTeX 2.9\tex\latex\adjustbox\tc-pdftex.def"
File: tc-pdftex.def 2012/05/13 v1.0 Clipping driver for pdftex
))
\adjbox@Width=\dimen119
\adjbox@Height=\dimen120
\adjbox@Depth=\dimen121
\adjbox@Totalheight=\dimen122

("D:\Program Files\MiKTeX 2.9\tex\latex\ifoddpage\ifoddpage.sty"
Package: ifoddpage 2016/04/23 v1.1 Conditionals for odd/even page detection
\c@checkoddpage=\count102
)
("D:\Program Files\MiKTeX 2.9\tex\latex\ltxmisc\varwidth.sty"
Package: varwidth 2009/03/30 ver 0.92;  Variable-width minipages
\@vwid@box=\box29
\sift@deathcycles=\count103
\@vwid@loff=\dimen123
\@vwid@roff=\dimen124
))
("D:\Program Files\MiKTeX 2.9\tex\latex\graphics\rotating.sty"
Package: rotating 2016/08/11 v2.16d rotated objects in LaTeX

("D:\Program Files\MiKTeX 2.9\tex\latex\base\ifthen.sty"
Package: ifthen 2014/09/29 v1.1c Standard LaTeX ifthen package (DPC)
)
\c@r@tfl@t=\count104
\rotFPtop=\skip46
\rotFPbot=\skip47
\rot@float@box=\box30
\rot@mess@toks=\toks23
)
("D:\Program Files\MiKTeX 2.9\tex\latex\listings\listings.sty"
\lst@mode=\count105
\lst@gtempboxa=\box31
\lst@token=\toks24
\lst@length=\count106
\lst@currlwidth=\dimen125
\lst@column=\count107
\lst@pos=\count108
\lst@lostspace=\dimen126
\lst@width=\dimen127
\lst@newlines=\count109
\lst@lineno=\count110
\lst@maxwidth=\dimen128

("D:\Program Files\MiKTeX 2.9\tex\latex\listings\lstmisc.sty"
File: lstmisc.sty 2015/06/04 1.6 (Carsten Heinz)
\c@lstnumber=\count111
\lst@skipnumbers=\count112
\lst@framebox=\box32
)
("D:\Program Files\MiKTeX 2.9\tex\latex\listings\listings.cfg"
File: listings.cfg 2015/06/04 1.6 listings configuration
))
Package: listings 2015/06/04 1.6 (Carsten Heinz)

("D:\Program Files\MiKTeX 2.9\tex\latex\multirow\multirow.sty"
Package: multirow 2016/11/25 v2.2 Span multiple rows of a table
\multirow@colwidth=\skip48
\multirow@cntb=\count113
\multirow@dima=\skip49
\bigstrutjot=\dimen129
)
("D:\Program Files\MiKTeX 2.9\tex\latex\fancyhdr\fancyhdr.sty"
Package: fancyhdr 2016/09/06 3.8 Extensive control of page headers and footers
\fancy@headwidth=\skip50
\f@ncyO@elh=\skip51
\f@ncyO@erh=\skip52
\f@ncyO@olh=\skip53
\f@ncyO@orh=\skip54
\f@ncyO@elf=\skip55
\f@ncyO@erf=\skip56
\f@ncyO@olf=\skip57
\f@ncyO@orf=\skip58
)
("D:\Program Files\MiKTeX 2.9\tex\latex\url\url.sty"
\Urlmuskip=\muskip11
Package: url 2013/09/16  ver 3.4  Verb mode for urls, etc.
)
("D:\Program Files\MiKTeX 2.9\tex\latex\hyperref\hyperref.sty"
Package: hyperref 2016/06/24 v6.83q Hypertext links for LaTeX

("D:\Program Files\MiKTeX 2.9\tex\generic\oberdiek\hobsub-hyperref.sty"
Package: hobsub-hyperref 2016/05/16 v1.14 Bundle oberdiek, subset hyperref (HO)


("D:\Program Files\MiKTeX 2.9\tex\generic\oberdiek\hobsub-generic.sty"
Package: hobsub-generic 2016/05/16 v1.14 Bundle oberdiek, subset generic (HO)
Package: hobsub 2016/05/16 v1.14 Construct package bundles (HO)
Package hobsub Info: Skipping package `infwarerr' (already loaded).
Package hobsub Info: Skipping package `ltxcmds' (already loaded).
Package: ifluatex 2016/05/16 v1.4 Provides the ifluatex switch (HO)
Package ifluatex Info: LuaTeX not detected.
Package: ifvtex 2016/05/16 v1.6 Detect VTeX and its facilities (HO)
Package ifvtex Info: VTeX not detected.
Package: intcalc 2016/05/16 v1.2 Expandable calculations with integers (HO)
Package: ifpdf 2016/05/14 v3.1 Provides the ifpdf switch
Package: etexcmds 2016/05/16 v1.6 Avoid name clashes with e-TeX commands (HO)
Package etexcmds Info: Could not find \expanded.
(etexcmds)             That can mean that you are not using pdfTeX 1.50 or
(etexcmds)             that some package has redefined \expanded.
(etexcmds)             In the latter case, load this package earlier.
Package: kvsetkeys 2016/05/16 v1.17 Key value parser (HO)
Package: kvdefinekeys 2016/05/16 v1.4 Define keys (HO)
Package: pdftexcmds 2016/05/21 v0.22 Utility functions of pdfTeX for LuaTeX (HO
)
Package pdftexcmds Info: LuaTeX not detected.
Package pdftexcmds Info: \pdf@primitive is available.
Package pdftexcmds Info: \pdf@ifprimitive is available.
Package pdftexcmds Info: \pdfdraftmode found.
Package: pdfescape 2016/05/16 v1.14 Implements pdfTeX's escape features (HO)
Package: bigintcalc 2016/05/16 v1.4 Expandable calculations on big integers (HO
)
Package: bitset 2016/05/16 v1.2 Handle bit-vector datatype (HO)
Package: uniquecounter 2016/05/16 v1.3 Provide unlimited unique counter (HO)
)
Package hobsub Info: Skipping package `hobsub' (already loaded).
Package: letltxmacro 2016/05/16 v1.5 Let assignment for LaTeX macros (HO)
Package: hopatch 2016/05/16 v1.3 Wrapper for package hooks (HO)
Package: xcolor-patch 2016/05/16 xcolor patch
Package: atveryend 2016/05/16 v1.9 Hooks at the very end of document (HO)
Package atveryend Info: \enddocument detected (standard20110627).
Package: atbegshi 2016/06/09 v1.18 At begin shipout hook (HO)
Package: refcount 2016/05/16 v3.5 Data extraction from label references (HO)
Package: hycolor 2016/05/16 v1.8 Color options for hyperref/bookmark (HO)
)
("D:\Program Files\MiKTeX 2.9\tex\generic\ifxetex\ifxetex.sty"
Package: ifxetex 2010/09/12 v0.6 Provides ifxetex conditional
)
("D:\Program Files\MiKTeX 2.9\tex\latex\oberdiek\auxhook.sty"
Package: auxhook 2016/05/16 v1.4 Hooks for auxiliary files (HO)
)
("D:\Program Files\MiKTeX 2.9\tex\latex\oberdiek\kvoptions.sty"
Package: kvoptions 2016/05/16 v3.12 Key value format for package options (HO)
)
\@linkdim=\dimen130
\Hy@linkcounter=\count114
\Hy@pagecounter=\count115

("D:\Program Files\MiKTeX 2.9\tex\latex\hyperref\pd1enc.def"
File: pd1enc.def 2016/06/24 v6.83q Hyperref: PDFDocEncoding definition (HO)
Now handling font encoding PD1 ...
... no UTF-8 mapping file for font encoding PD1
)
\Hy@SavedSpaceFactor=\count116

("D:\Program Files\MiKTeX 2.9\tex\latex\00miktex\hyperref.cfg"
File: hyperref.cfg 2002/06/06 v1.2 hyperref configuration of TeXLive
)
Package hyperref Info: Hyper figures OFF on input line 4486.
Package hyperref Info: Link nesting OFF on input line 4491.
Package hyperref Info: Hyper index ON on input line 4494.
Package hyperref Info: Plain pages OFF on input line 4501.
Package hyperref Info: Backreferencing OFF on input line 4506.
Package hyperref Info: Implicit mode ON; LaTeX internals redefined.
Package hyperref Info: Bookmarks ON on input line 4735.
\c@Hy@tempcnt=\count117
LaTeX Info: Redefining \url on input line 5088.
\XeTeXLinkMargin=\dimen131
\Fld@menulength=\count118
\Field@Width=\dimen132
\Fld@charsize=\dimen133
Package hyperref Info: Hyper figures OFF on input line 6342.
Package hyperref Info: Link nesting OFF on input line 6347.
Package hyperref Info: Hyper index ON on input line 6350.
Package hyperref Info: backreferencing OFF on input line 6357.
Package hyperref Info: Link coloring OFF on input line 6362.
Package hyperref Info: Link coloring with OCG OFF on input line 6367.
Package hyperref Info: PDF/A mode OFF on input line 6372.
LaTeX Info: Redefining \ref on input line 6412.
LaTeX Info: Redefining \pageref on input line 6416.
\Hy@abspage=\count119
\c@Item=\count120
\c@Hfootnote=\count121
)

Package hyperref Message: Driver (autodetected): hpdftex.

("D:\Program Files\MiKTeX 2.9\tex\latex\hyperref\hpdftex.def"
File: hpdftex.def 2016/06/24 v6.83q Hyperref driver for pdfTeX
\Fld@listcount=\count122
\c@bookmark@seq@number=\count123

("D:\Program Files\MiKTeX 2.9\tex\latex\oberdiek\rerunfilecheck.sty"
Package: rerunfilecheck 2016/05/16 v1.8 Rerun checks for auxiliary files (HO)
Package uniquecounter Info: New unique counter `rerunfilecheck' on input line 2
82.
)
\Hy@SectionHShift=\skip59
)

Package hyperref Warning: Unexpected value for option `hidelinks'
(hyperref)                is ignored on input line 17.

("D:\Program Files\MiKTeX 2.9\tex\latex\amscls\amsthm.sty"
Package: amsthm 2015/03/04 v2.20.2
\thm@style=\toks25
\thm@bodyfont=\toks26
\thm@headfont=\toks27
\thm@notefont=\toks28
\thm@headpunct=\toks29
\thm@preskip=\skip60
\thm@postskip=\skip61
\thm@headsep=\skip62
\dth@everypar=\toks30
)
("D:\Program Files\MiKTeX 2.9\tex\latex\float\float.sty"
Package: float 2001/11/08 v1.3d Float enhancements (AL)
\c@float@type=\count124
\float@exts=\toks31
\float@box=\box33
\@float@everytoks=\toks32
\@floatcapt=\box34
)
("D:\Program Files\MiKTeX 2.9\tex\latex\graphics\color.sty"
Package: color 2016/07/10 v1.1e Standard LaTeX Color (DPC)

("D:\Program Files\MiKTeX 2.9\tex\latex\graphics-cfg\color.cfg"
File: color.cfg 2016/01/02 v1.6 sample color configuration
)
Package color Info: Driver file: pdftex.def on input line 147.
)
\c@definition=\count125

("D:\Program Files\MiKTeX 2.9\tex\latex\geometry\geometry.sty"
Package: geometry 2010/09/12 v5.6 Page Geometry
\Gm@cnth=\count126
\Gm@cntv=\count127
\c@Gm@tempcnt=\count128
\Gm@bindingoffset=\dimen134
\Gm@wd@mp=\dimen135
\Gm@odd@mp=\dimen136
\Gm@even@mp=\dimen137
\Gm@layoutwidth=\dimen138
\Gm@layoutheight=\dimen139
\Gm@layouthoffset=\dimen140
\Gm@layoutvoffset=\dimen141
\Gm@dimlist=\toks33

("D:\Program Files\MiKTeX 2.9\tex\latex\geometry\geometry.cfg")) (Aldo_TFM.aux

LaTeX Warning: Label `eq:problem2' multiply defined.


LaTeX Warning: Label `my-label' multiply defined.


LaTeX Warning: Label `my-label' multiply defined.


LaTeX Warning: Label `my-label' multiply defined.


LaTeX Warning: Label `my-label' multiply defined.


LaTeX Warning: Label `my-label' multiply defined.


LaTeX Warning: Label `my-label' multiply defined.


LaTeX Warning: Label `my-label' multiply defined.


LaTeX Warning: Label `my-label' multiply defined.


LaTeX Warning: Label `my-label' multiply defined.

)
\openout1 = `Aldo_TFM.aux'.

LaTeX Font Info:    Checking defaults for OML/cmm/m/it on input line 67.
LaTeX Font Info:    ... okay on input line 67.
LaTeX Font Info:    Checking defaults for T1/cmr/m/n on input line 67.
LaTeX Font Info:    ... okay on input line 67.
LaTeX Font Info:    Checking defaults for OT1/cmr/m/n on input line 67.
LaTeX Font Info:    ... okay on input line 67.
LaTeX Font Info:    Checking defaults for OMS/cmsy/m/n on input line 67.
LaTeX Font Info:    ... okay on input line 67.
LaTeX Font Info:    Checking defaults for OMX/cmex/m/n on input line 67.
LaTeX Font Info:    ... okay on input line 67.
LaTeX Font Info:    Checking defaults for U/cmr/m/n on input line 67.
LaTeX Font Info:    ... okay on input line 67.
LaTeX Font Info:    Checking defaults for PD1/pdf/m/n on input line 67.
LaTeX Font Info:    ... okay on input line 67.
 ("D:\Program Files\MiKTeX 2.9\tex\context\base\supp-pdf.mkii"
[Loading MPS to PDF converter (version 2006.09.02).]
\scratchcounter=\count129
\scratchdimen=\dimen142
\scratchbox=\box35
\nofMPsegments=\count130
\nofMParguments=\count131
\everyMPshowfont=\toks34
\MPscratchCnt=\count132
\MPscratchDim=\dimen143
\MPnumerator=\count133
\makeMPintoPDFobject=\count134
\everyMPtoPDFconversion=\toks35
) ("D:\Program Files\MiKTeX 2.9\tex\latex\oberdiek\epstopdf-base.sty"
Package: epstopdf-base 2016/05/15 v2.6 Base part for package epstopdf

("D:\Program Files\MiKTeX 2.9\tex\latex\oberdiek\grfext.sty"
Package: grfext 2016/05/16 v1.2 Manage graphics extensions (HO)
)
Package epstopdf-base Info: Redefining graphics rule for `.eps' on input line 4
38.
Package grfext Info: Graphics extension search list:
(grfext)             [.png,.pdf,.jpg,.mps,.jpeg,.jbig2,.jb2,.PNG,.PDF,.JPG,.JPE
G,.JBIG2,.JB2,.eps]
(grfext)             \AppendGraphicsExtensions on input line 456.
)
\c@lstlisting=\count135
\AtBeginShipoutBox=\box36
Package hyperref Info: Link coloring OFF on input line 67.

("D:\Program Files\MiKTeX 2.9\tex\latex\hyperref\nameref.sty"
Package: nameref 2016/05/21 v2.44 Cross-referencing by name of section

("D:\Program Files\MiKTeX 2.9\tex\generic\oberdiek\gettitlestring.sty"
Package: gettitlestring 2016/05/16 v1.5 Cleanup title references (HO)
)
\c@section@level=\count136
)
LaTeX Info: Redefining \ref on input line 67.
LaTeX Info: Redefining \pageref on input line 67.
LaTeX Info: Redefining \nameref on input line 67.

(Aldo_TFM.out) (Aldo_TFM.out)
\@outlinefile=\write3
\openout3 = `Aldo_TFM.out'.


*geometry* driver: auto-detecting
*geometry* detected driver: pdftex
*geometry* verbose mode - [ preamble ] result:
* driver: pdftex
* paper: a4paper
* layout: <same size as paper>
* layoutoffset:(h,v)=(0.0pt,0.0pt)
* modes: 
* h-part:(L,W,R)=(89.62709pt, 418.25368pt, 89.6271pt)
* v-part:(T,H,B)=(56.9055pt, 686.7347pt, 101.40665pt)
* \paperwidth=597.50787pt
* \paperheight=845.04684pt
* \textwidth=418.25368pt
* \textheight=686.7347pt
* \oddsidemargin=17.3571pt
* \evensidemargin=17.3571pt
* \topmargin=-52.36449pt
* \headheight=12.0pt
* \headsep=25.0pt
* \topskip=12.0pt
* \footskip=30.0pt
* \marginparwidth=35.0pt
* \marginparsep=10.0pt
* \columnsep=10.0pt
* \skip\footins=10.8pt plus 4.0pt minus 2.0pt
* \hoffset=0.0pt
* \voffset=0.0pt
* \mag=1000
* \@twocolumnfalse
* \@twosidefalse
* \@mparswitchfalse
* \@reversemarginfalse
* (1in=72.27pt=25.4mm, 1cm=28.453pt)

<imagenes/Portada_Logo.png, id=95, 483.7272pt x 48.18pt>
File: imagenes/Portada_Logo.png Graphic file (type png)

<use imagenes/Portada_Logo.png>
Package pdftex.def Info: imagenes/Portada_Logo.png used on input line 77.
(pdftex.def)             Requested size: 426.79134pt x 42.5095pt.

Overfull \hbox (8.53766pt too wide) in paragraph at lines 77--79
 [] 
 []

[1

{C:/ProgramData/MiKTeX/2.9/pdftex/config/pdftex.map} <./imagenes/Portada_Logo.p
ng>]
Underfull \hbox (badness 10000) in paragraph at lines 117--119

 []


Underfull \hbox (badness 10000) in paragraph at lines 120--122

 []

<imagenes/Interior_Logo.png, id=106, 213.4374pt x 21.1992pt>
File: imagenes/Interior_Logo.png Graphic file (type png)

<use imagenes/Interior_Logo.png>
Package pdftex.def Info: imagenes/Interior_Logo.png used on input line 123.
(pdftex.def)             Requested size: 213.43686pt x 21.19914pt.
pdfTeX warning (ext4): destination with the same identifier (name{page.1}) has 
been already used, duplicate ignored
<to be read again> 
                   \relax 
l.123 \newpage
               [1 <./imagenes/Interior_Logo.png>] (Aldo_TFM.toc
LaTeX Font Info:    Try loading font information for U+msa on input line 4.

("D:\Program Files\MiKTeX 2.9\tex\latex\amsfonts\umsa.fd"
File: umsa.fd 2013/01/14 v3.01 AMS symbols A
)
LaTeX Font Info:    Try loading font information for U+msb on input line 4.

("D:\Program Files\MiKTeX 2.9\tex\latex\amsfonts\umsb.fd"
File: umsb.fd 2013/01/14 v3.01 AMS symbols B
))
\tf@toc=\write4
\openout4 = `Aldo_TFM.toc'.

File: imagenes/Interior_Logo.png Graphic file (type png)

<use imagenes/Interior_Logo.png>
Package pdftex.def Info: imagenes/Interior_Logo.png used on input line 126.
(pdftex.def)             Requested size: 213.43686pt x 21.19914pt.
 [2] (Aldo_TFM.lof)
\tf@lof=\write5
\openout5 = `Aldo_TFM.lof'.

File: imagenes/Interior_Logo.png Graphic file (type png)

<use imagenes/Interior_Logo.png>
Package pdftex.def Info: imagenes/Interior_Logo.png used on input line 129.
(pdftex.def)             Requested size: 213.43686pt x 21.19914pt.
 [3] (Aldo_TFM.lot
Overfull \hbox (6.99811pt too wide) in paragraph at lines 17--17
 [][] [][]\OT1/cmr/m/n/12 Accuracies for $\OML/cmm/m/it/12 ARIMA\OT1/cmr/m/n/12
 (\OML/cmm/m/it/12 p; \OT1/cmr/m/n/12 1\OML/cmm/m/it/12 ; q\OT1/cmr/m/n/12 )(\O
ML/cmm/m/it/12 P; \OT1/cmr/m/n/12 1\OML/cmm/m/it/12 ; Q\OT1/cmr/m/n/12 )[](\OML
/cmm/m/it/12 Auto[]BoxCox\OT1/cmr/m/n/12 )$, 1-12 Months.[] [][]  
 []

)
\tf@lot=\write6
\openout6 = `Aldo_TFM.lot'.

File: imagenes/Interior_Logo.png Graphic file (type png)
 <use imagenes/Interior_Logo.png>
Package pdftex.def Info: imagenes/Interior_Logo.png used on input line 132.
(pdftex.def)             Requested size: 213.43686pt x 21.19914pt.
 [4]
Underfull \hbox (badness 10000) in paragraph at lines 134--135

 []


Underfull \hbox (badness 10000) in paragraph at lines 136--137

 []


Underfull \hbox (badness 10000) in paragraph at lines 138--139

 []


Underfull \hbox (badness 10000) in paragraph at lines 140--141

 []


Underfull \hbox (badness 10000) in paragraph at lines 142--143

 []

File: imagenes/Interior_Logo.png Graphic file (type png)
<use imagenes/Interior_Logo.png>
Package pdftex.def Info: imagenes/Interior_Logo.png used on input line 144.
(pdftex.def)             Requested size: 213.43686pt x 21.19914pt.
 [5]
Underfull \hbox (badness 10000) in paragraph at lines 144--145

 []


Underfull \hbox (badness 10000) in paragraph at lines 146--147

 []


Underfull \hbox (badness 10000) in paragraph at lines 148--149

 []


Underfull \hbox (badness 10000) in paragraph at lines 150--151

 []

LaTeX Font Info:    Try loading font information for OMS+cmr on input line 154.

("D:\Program Files\MiKTeX 2.9\tex\latex\base\omscmr.fd"
File: omscmr.fd 2014/09/29 v2.5h Standard LaTeX font definitions
)
LaTeX Font Info:    Font shape `OMS/cmr/m/n' in size <12> not available
(Font)              Font shape `OMS/cmsy/m/n' tried instead on input line 154.

Underfull \hbox (badness 10000) in paragraph at lines 154--155

 []


Underfull \hbox (badness 10000) in paragraph at lines 156--157

 []

File: imagenes/Interior_Logo.png Graphic file (type png)
<use imagenes/Interior_Logo.png>
Package pdftex.def Info: imagenes/Interior_Logo.png used on input line 157.
(pdftex.def)             Requested size: 213.43686pt x 21.19914pt.
 [6]
Underfull \hbox (badness 10000) in paragraph at lines 158--159

 []


Underfull \hbox (badness 10000) in paragraph at lines 160--161

 []


Underfull \hbox (badness 10000) in paragraph at lines 162--164

 []


Underfull \hbox (badness 10000) in paragraph at lines 165--166

 []

File: imagenes/Interior_Logo.png Graphic file (type png)
<use imagenes/Interior_Logo.png>
Package pdftex.def Info: imagenes/Interior_Logo.png used on input line 166.
(pdftex.def)             Requested size: 213.43686pt x 21.19914pt.
 [7]
Underfull \hbox (badness 10000) in paragraph at lines 167--168

 []


Underfull \hbox (badness 10000) in paragraph at lines 169--170

 []


Underfull \hbox (badness 10000) in paragraph at lines 171--172

 []


Underfull \hbox (badness 10000) in paragraph at lines 173--174

 []

File: imagenes/Interior_Logo.png Graphic file (type png)
<use imagenes/Interior_Logo.png>
Package pdftex.def Info: imagenes/Interior_Logo.png used on input line 183.
(pdftex.def)             Requested size: 213.43686pt x 21.19914pt.
 [8]
Underfull \hbox (badness 10000) in paragraph at lines 191--192

 []

File: imagenes/Interior_Logo.png Graphic file (type png)
<use imagenes/Interior_Logo.png>
Package pdftex.def Info: imagenes/Interior_Logo.png used on input line 195.
(pdftex.def)             Requested size: 213.43686pt x 21.19914pt.
 [9]
Underfull \hbox (badness 10000) in paragraph at lines 217--218

 []

File: imagenes/Interior_Logo.png Graphic file (type png)
<use imagenes/Interior_Logo.png>
Package pdftex.def Info: imagenes/Interior_Logo.png used on input line 218.
(pdftex.def)             Requested size: 213.43686pt x 21.19914pt.
 [10]
Underfull \hbox (badness 10000) in paragraph at lines 219--220

 []


Underfull \hbox (badness 10000) in paragraph at lines 221--222

 []


Underfull \hbox (badness 10000) in paragraph at lines 233--234

 []


Underfull \hbox (badness 10000) in paragraph at lines 235--236

 []

File: imagenes/Interior_Logo.png Graphic file (type png)
<use imagenes/Interior_Logo.png>
Package pdftex.def Info: imagenes/Interior_Logo.png used on input line 236.
(pdftex.def)             Requested size: 213.43686pt x 21.19914pt.
 [11]
("D:\Program Files\MiKTeX 2.9\tex\latex\listings\lstlang1.sty"
File: lstlang1.sty 2015/06/04 1.6 listings language file
)
("D:\Program Files\MiKTeX 2.9\tex\latex\listings\lstlang2.sty"
File: lstlang2.sty 2015/06/04 1.6 listings language file
)
("D:\Program Files\MiKTeX 2.9\tex\latex\listings\lstlang3.sty"
File: lstlang3.sty 2015/06/04 1.6 listings language file
)
LaTeX Font Info:    Font shape `OT1/cmtt/bx/n' in size <10.95> not available
(Font)              Font shape `OT1/cmtt/m/n' tried instead on input line 244.
File: imagenes/Interior_Logo.png Graphic file (type png)

<use imagenes/Interior_Logo.png>
Package pdftex.def Info: imagenes/Interior_Logo.png used on input line 275.
(pdftex.def)             Requested size: 213.43686pt x 21.19914pt.
 [12pdfTeX warning (ext4): destination with the same identifier (name{table.1})
 has been already used, duplicate ignored

\AtBegShi@Output ...ipout \box \AtBeginShipoutBox 
                                                  \fi \fi 
l.275 \newpage
              ]
Underfull \hbox (badness 10000) in paragraph at lines 280--281

 []


Underfull \hbox (badness 10000) in paragraph at lines 295--296

 []


Underfull \hbox (badness 10000) in paragraph at lines 308--310

 []


Underfull \hbox (badness 10000) in paragraph at lines 311--313

 []

File: imagenes/Interior_Logo.png Graphic file (type png)
<use imagenes/Interior_Logo.png>
Package pdftex.def Info: imagenes/Interior_Logo.png used on input line 313.
(pdftex.def)             Requested size: 213.43686pt x 21.19914pt.
 [13]
Underfull \hbox (badness 10000) in paragraph at lines 325--327

 []


Underfull \hbox (badness 10000) in paragraph at lines 349--350

 []

File: imagenes/Interior_Logo.png Graphic file (type png)
<use imagenes/Interior_Logo.png>
Package pdftex.def Info: imagenes/Interior_Logo.png used on input line 350.
(pdftex.def)             Requested size: 213.43686pt x 21.19914pt.
 [14]
Underfull \hbox (badness 10000) in paragraph at lines 398--399

 []

File: imagenes/Interior_Logo.png Graphic file (type png)
<use imagenes/Interior_Logo.png>
Package pdftex.def Info: imagenes/Interior_Logo.png used on input line 399.
(pdftex.def)             Requested size: 213.43686pt x 21.19914pt.
 [15]
Underfull \hbox (badness 10000) in paragraph at lines 416--417

 []


Underfull \hbox (badness 10000) in paragraph at lines 428--429

 []


Underfull \hbox (badness 10000) in paragraph at lines 430--431

 []

File: imagenes/Interior_Logo.png Graphic file (type png)
<use imagenes/Interior_Logo.png>
Package pdftex.def Info: imagenes/Interior_Logo.png used on input line 441.
(pdftex.def)             Requested size: 213.43686pt x 21.19914pt.
 [16]
Underfull \hbox (badness 10000) in paragraph at lines 469--470

 []

File: imagenes/Interior_Logo.png Graphic file (type png)
<use imagenes/Interior_Logo.png>
Package pdftex.def Info: imagenes/Interior_Logo.png used on input line 491.
(pdftex.def)             Requested size: 213.43686pt x 21.19914pt.
 [17]
Underfull \hbox (badness 10000) in paragraph at lines 491--493

 []


Underfull \hbox (badness 10000) in paragraph at lines 520--522

 []


Underfull \hbox (badness 10000) in paragraph at lines 523--524

 []

File: imagenes/Interior_Logo.png Graphic file (type png)
<use imagenes/Interior_Logo.png>
Package pdftex.def Info: imagenes/Interior_Logo.png used on input line 529.
(pdftex.def)             Requested size: 213.43686pt x 21.19914pt.
 [18]
Underfull \hbox (badness 10000) in paragraph at lines 537--539

 []


Underfull \hbox (badness 10000) in paragraph at lines 547--549

 []


Underfull \hbox (badness 10000) in paragraph at lines 557--559

 []

File: imagenes/Interior_Logo.png Graphic file (type png)
<use imagenes/Interior_Logo.png>
Package pdftex.def Info: imagenes/Interior_Logo.png used on input line 567.
(pdftex.def)             Requested size: 213.43686pt x 21.19914pt.
 [19]
Underfull \hbox (badness 10000) in paragraph at lines 569--571

 []


Underfull \hbox (badness 10000) in paragraph at lines 572--573

 []


Underfull \hbox (badness 10000) in paragraph at lines 583--585

 []

File: imagenes/Interior_Logo.png Graphic file (type png)
<use imagenes/Interior_Logo.png>
Package pdftex.def Info: imagenes/Interior_Logo.png used on input line 587.
(pdftex.def)             Requested size: 213.43686pt x 21.19914pt.
 [20]
<imagenes/TrainTest.jpg, id=496, 798.73407pt x 274.77657pt>
File: imagenes/TrainTest.jpg Graphic file (type jpg)

<use imagenes/TrainTest.jpg>
Package pdftex.def Info: imagenes/TrainTest.jpg used on input line 613.
(pdftex.def)             Requested size: 399.36606pt x 137.38794pt.
File: imagenes/Interior_Logo.png Graphic file (type png)
 <use imagenes/Interior_Logo.png>
Package pdftex.def Info: imagenes/Interior_Logo.png used on input line 617.
(pdftex.def)             Requested size: 213.43686pt x 21.19914pt.
 [21]
Underfull \hbox (badness 10000) in paragraph at lines 621--622

 []


Underfull \hbox (badness 10000) in paragraph at lines 629--631

 []

File: imagenes/Interior_Logo.png Graphic file (type png)
<use imagenes/Interior_Logo.png>
Package pdftex.def Info: imagenes/Interior_Logo.png used on input line 637.
(pdftex.def)             Requested size: 213.43686pt x 21.19914pt.
 [22pdfTeX warning (ext4): destination with the same identifier (name{figure.1}
) has been already used, duplicate ignored

\AtBegShi@Output ...ipout \box \AtBeginShipoutBox 
                                                  \fi \fi 
l.637 \begin{equation}
                       <./imagenes/TrainTest.jpg>]
File: imagenes/Interior_Logo.png Graphic file (type png)

<use imagenes/Interior_Logo.png>
Package pdftex.def Info: imagenes/Interior_Logo.png used on input line 649.
(pdftex.def)             Requested size: 213.43686pt x 21.19914pt.
 [23]
Underfull \hbox (badness 10000) in paragraph at lines 651--652

 []


Underfull \hbox (badness 10000) in paragraph at lines 672--673

 []

File: imagenes/Interior_Logo.png Graphic file (type png)
<use imagenes/Interior_Logo.png>
Package pdftex.def Info: imagenes/Interior_Logo.png used on input line 675.
(pdftex.def)             Requested size: 213.43686pt x 21.19914pt.
 [24]
Underfull \hbox (badness 10000) in paragraph at lines 683--684

 []

File: imagenes/Interior_Logo.png Graphic file (type png)
<use imagenes/Interior_Logo.png>
Package pdftex.def Info: imagenes/Interior_Logo.png used on input line 736.
(pdftex.def)             Requested size: 213.43686pt x 21.19914pt.
 [25pdfTeX warning (ext4): destination with the same identifier (name{table.2})
 has been already used, duplicate ignored

\AtBegShi@Output ...ipout \box \AtBeginShipoutBox 
                                                  \fi \fi 
l.736 
      ]
File: imagenes/Interior_Logo.png Graphic file (type png)
 <use imagenes/Interior_Logo.png>
Package pdftex.def Info: imagenes/Interior_Logo.png used on input line 786.
(pdftex.def)             Requested size: 213.43686pt x 21.19914pt.
 [26pdfTeX warning (ext4): destination with the same identifier (name{table.3})
 has been already used, duplicate ignored

\AtBegShi@Output ...ipout \box \AtBeginShipoutBox 
                                                  \fi \fi 
l.786 
      pdfTeX warning (ext4): destination with the same identifier (name{table.4
}) has been already used, duplicate ignored

\AtBegShi@Output ...ipout \box \AtBeginShipoutBox 
                                                  \fi \fi 
l.786 
      ]
File: imagenes/Interior_Logo.png Graphic file (type png)
 <use imagenes/Interior_Logo.png>
Package pdftex.def Info: imagenes/Interior_Logo.png used on input line 836.
(pdftex.def)             Requested size: 213.43686pt x 21.19914pt.
 [27pdfTeX warning (ext4): destination with the same identifier (name{table.5})
 has been already used, duplicate ignored

\AtBegShi@Output ...ipout \box \AtBeginShipoutBox 
                                                  \fi \fi 
l.836 
      pdfTeX warning (ext4): destination with the same identifier (name{table.6
}) has been already used, duplicate ignored

\AtBegShi@Output ...ipout \box \AtBeginShipoutBox 
                                                  \fi \fi 
l.836 
      ]
Underfull \hbox (badness 1048) in paragraph at lines 862--863
\OT1/cmr/m/n/12 predictions in a day with a MAE close to the median, this means
 that
 []

Package epstopdf Info: Source file: <imagenes/SVM_Good.eps>
(epstopdf)                    date: 2017-12-28 01:00:16
(epstopdf)                    size: 8981 bytes
(epstopdf)             Output file: <imagenes/SVM_Good-eps-converted-to.pdf>
(epstopdf)                    date: 2017-12-28 01:01:45
(epstopdf)                    size: 10017 bytes
(epstopdf)             Command: <epstopdf --outfile=imagenes/SVM_Good-eps-conve
rted-to.pdf imagenes/SVM_Good.eps>
(epstopdf)             \includegraphics on input line 866.
Package epstopdf Info: Output file is already uptodate.
<imagenes/SVM_Good-eps-converted-to.pdf, id=554, 752.8125pt x 416.55624pt>
File: imagenes/SVM_Good-eps-converted-to.pdf Graphic file (type pdf)

<use imagenes/SVM_Good-eps-converted-to.pdf>
Package pdftex.def Info: imagenes/SVM_Good-eps-converted-to.pdf used on input l
ine 866.
(pdftex.def)             Requested size: 376.40532pt x 208.2776pt.
File: imagenes/Interior_Logo.png Graphic file (type png)
 <use imagenes/Interior_Logo.png>
Package pdftex.def Info: imagenes/Interior_Logo.png used on input line 870.
(pdftex.def)             Requested size: 213.43686pt x 21.19914pt.

[28pdfTeX warning (ext4): destination with the same identifier (name{table.7}) 
has been already used, duplicate ignored

\AtBegShi@Output ...ipout \box \AtBeginShipoutBox 
                                                  \fi \fi 
l.870 
      pdfTeX warning (ext4): destination with the same identifier (name{table.8
}) has been already used, duplicate ignored

\AtBegShi@Output ...ipout \box \AtBeginShipoutBox 
                                                  \fi \fi 
l.870 
      ]
Package epstopdf Info: Source file: <imagenes/SVM_Bad.eps>
(epstopdf)                    date: 2017-12-28 01:01:37
(epstopdf)                    size: 8923 bytes
(epstopdf)             Output file: <imagenes/SVM_Bad-eps-converted-to.pdf>
(epstopdf)                    date: 2017-12-28 01:01:46
(epstopdf)                    size: 9934 bytes
(epstopdf)             Command: <epstopdf --outfile=imagenes/SVM_Bad-eps-conver
ted-to.pdf imagenes/SVM_Bad.eps>
(epstopdf)             \includegraphics on input line 873.
Package epstopdf Info: Output file is already uptodate.

<imagenes/SVM_Bad-eps-converted-to.pdf, id=559, 752.8125pt x 416.55624pt>
File: imagenes/SVM_Bad-eps-converted-to.pdf Graphic file (type pdf)

<use imagenes/SVM_Bad-eps-converted-to.pdf>
Package pdftex.def Info: imagenes/SVM_Bad-eps-converted-to.pdf used on input li
ne 873.
(pdftex.def)             Requested size: 376.40532pt x 208.2776pt.

<imagenes/MAE_24.png, id=560, 751.30687pt x 362.85562pt>
File: imagenes/MAE_24.png Graphic file (type png)

<use imagenes/MAE_24.png>
Package pdftex.def Info: imagenes/MAE_24.png used on input line 880.
(pdftex.def)             Requested size: 375.65251pt x 181.42737pt.
File: imagenes/Interior_Logo.png Graphic file (type png)
 <use imagenes/Interior_Logo.png>
Package pdftex.def Info: imagenes/Interior_Logo.png used on input line 883.
(pdftex.def)             Requested size: 213.43686pt x 21.19914pt.
 [29pdfTeX warning (ext4): destination with the same identifier (name{figure.2}
) has been already used, duplicate ignored

\AtBegShi@Output ...ipout \box \AtBeginShipoutBox 
                                                  \fi \fi 
l.883 
      pdfTeX warning (ext4): destination with the same identifier (name{figure.
3}) has been already used, duplicate ignored

\AtBegShi@Output ...ipout \box \AtBeginShipoutBox 
                                                  \fi \fi 
l.883 
       <./imagenes/SVM_Good-eps-converted-to.pdf> <./imagenes/SVM_Bad-eps-conve
rted-to.pdf>]
File: imagenes/Interior_Logo.png Graphic file (type png)
 <use imagenes/Interior_Logo.png>
Package pdftex.def Info: imagenes/Interior_Logo.png used on input line 936.
(pdftex.def)             Requested size: 213.43686pt x 21.19914pt.
 [30pdfTeX warning (ext4): destination with the same identifier (name{figure.4}
) has been already used, duplicate ignored

\AtBegShi@Output ...ipout \box \AtBeginShipoutBox 
                                                  \fi \fi 
l.936 
      pdfTeX warning (ext4): destination with the same identifier (name{table.9
}) has been already used, duplicate ignored

\AtBegShi@Output ...ipout \box \AtBeginShipoutBox 
                                                  \fi \fi 
l.936 
       <./imagenes/MAE_24.png (PNG copy)>]
File: imagenes/Interior_Logo.png Graphic file (type png)
 <use imagenes/Interior_Logo.png>
Package pdftex.def Info: imagenes/Interior_Logo.png used on input line 986.
(pdftex.def)             Requested size: 213.43686pt x 21.19914pt.

[31pdfTeX warning (ext4): destination with the same identifier (name{table.10})
 has been already used, duplicate ignored

\AtBegShi@Output ...ipout \box \AtBeginShipoutBox 
                                                  \fi \fi 
l.986 
      pdfTeX warning (ext4): destination with the same identifier (name{table.1
1}) has been already used, duplicate ignored

\AtBegShi@Output ...ipout \box \AtBeginShipoutBox 
                                                  \fi \fi 
l.986 
      ]
Package epstopdf Info: Source file: <imagenes/144_Good.eps>
(epstopdf)                    date: 2017-12-28 01:34:55
(epstopdf)                    size: 20086 bytes
(epstopdf)             Output file: <imagenes/144_Good-eps-converted-to.pdf>
(epstopdf)                    date: 2017-12-28 01:37:59
(epstopdf)                    size: 28406 bytes
(epstopdf)             Command: <epstopdf --outfile=imagenes/144_Good-eps-conve
rted-to.pdf imagenes/144_Good.eps>
(epstopdf)             \includegraphics on input line 991.
Package epstopdf Info: Output file is already uptodate.

<imagenes/144_Good-eps-converted-to.pdf, id=589, 752.8125pt x 416.55624pt>
File: imagenes/144_Good-eps-converted-to.pdf Graphic file (type pdf)

<use imagenes/144_Good-eps-converted-to.pdf>
Package pdftex.def Info: imagenes/144_Good-eps-converted-to.pdf used on input l
ine 991.
(pdftex.def)             Requested size: 376.40532pt x 208.2776pt.
Package epstopdf Info: Source file: <imagenes/144_Bad.eps>
(epstopdf)                    date: 2017-12-28 01:36:10
(epstopdf)                    size: 20092 bytes
(epstopdf)             Output file: <imagenes/144_Bad-eps-converted-to.pdf>
(epstopdf)                    date: 2017-12-28 01:38:00
(epstopdf)                    size: 28696 bytes
(epstopdf)             Command: <epstopdf --outfile=imagenes/144_Bad-eps-conver
ted-to.pdf imagenes/144_Bad.eps>
(epstopdf)             \includegraphics on input line 998.
Package epstopdf Info: Output file is already uptodate.

<imagenes/144_Bad-eps-converted-to.pdf, id=590, 752.8125pt x 416.55624pt>
File: imagenes/144_Bad-eps-converted-to.pdf Graphic file (type pdf)

<use imagenes/144_Bad-eps-converted-to.pdf>
Package pdftex.def Info: imagenes/144_Bad-eps-converted-to.pdf used on input li
ne 998.
(pdftex.def)             Requested size: 376.40532pt x 208.2776pt.
File: imagenes/Interior_Logo.png Graphic file (type png)
 <use imagenes/Interior_Logo.png>
Package pdftex.def Info: imagenes/Interior_Logo.png used on input line 1002.
(pdftex.def)             Requested size: 213.43686pt x 21.19914pt.

[32pdfTeX warning (ext4): destination with the same identifier (name{table.12})
 has been already used, duplicate ignored

\AtBegShi@Output ...ipout \box \AtBeginShipoutBox 
                                                  \fi \fi 
l.1002 
       pdfTeX warning (ext4): destination with the same identifier (name{figure
.5}) has been already used, duplicate ignored

\AtBegShi@Output ...ipout \box \AtBeginShipoutBox 
                                                  \fi \fi 
l.1002 
        <./imagenes/144_Good-eps-converted-to.pdf>]
<imagenes/MAE_144.png, id=601, 751.30687pt x 362.85562pt>
File: imagenes/MAE_144.png Graphic file (type png)

<use imagenes/MAE_144.png>
Package pdftex.def Info: imagenes/MAE_144.png used on input line 1005.
(pdftex.def)             Requested size: 375.65251pt x 181.42737pt.

Underfull \hbox (badness 10000) in paragraph at lines 1010--1011

 []

File: imagenes/Interior_Logo.png Graphic file (type png)
<use imagenes/Interior_Logo.png>
Package pdftex.def Info: imagenes/Interior_Logo.png used on input line 1036.
(pdftex.def)             Requested size: 213.43686pt x 21.19914pt.
 [33pdfTeX warning (ext4): destination with the same identifier (name{figure.6}
) has been already used, duplicate ignored

\AtBegShi@Output ...ipout \box \AtBeginShipoutBox 
                                                  \fi \fi 
l.1036 
       pdfTeX warning (ext4): destination with the same identifier (name{figure
.7}) has been already used, duplicate ignored

\AtBegShi@Output ...ipout \box \AtBeginShipoutBox 
                                                  \fi \fi 
l.1036 
        <./imagenes/144_Bad-eps-converted-to.pdf> <./imagenes/MAE_144.png (PNG 
copy)>]
Package epstopdf Info: Source file: <imagenes/Good_1_30.eps>
(epstopdf)                    date: 2017-12-28 02:05:02
(epstopdf)                    size: 9647 bytes
(epstopdf)             Output file: <imagenes/Good_1_30-eps-converted-to.pdf>
(epstopdf)                    date: 2017-12-28 02:07:07
(epstopdf)                    size: 10876 bytes
(epstopdf)             Command: <epstopdf --outfile=imagenes/Good_1_30-eps-conv
erted-to.pdf imagenes/Good_1_30.eps>
(epstopdf)             \includegraphics on input line 1066.
Package epstopdf Info: Output file is already uptodate.

<imagenes/Good_1_30-eps-converted-to.pdf, id=614, 752.8125pt x 416.55624pt>
File: imagenes/Good_1_30-eps-converted-to.pdf Graphic file (type pdf)

<use imagenes/Good_1_30-eps-converted-to.pdf>
Package pdftex.def Info: imagenes/Good_1_30-eps-converted-to.pdf used on input 
line 1066.
(pdftex.def)             Requested size: 376.40532pt x 208.2776pt.
File: imagenes/Interior_Logo.png Graphic file (type png)
 <use imagenes/Interior_Logo.png>
Package pdftex.def Info: imagenes/Interior_Logo.png used on input line 1070.
(pdftex.def)             Requested size: 213.43686pt x 21.19914pt.

[34pdfTeX warning (ext4): destination with the same identifier (name{table.13})
 has been already used, duplicate ignored

\AtBegShi@Output ...ipout \box \AtBeginShipoutBox 
                                                  \fi \fi 
l.1070 
       pdfTeX warning (ext4): destination with the same identifier (name{table.
14}) has been already used, duplicate ignored

\AtBegShi@Output ...ipout \box \AtBeginShipoutBox 
                                                  \fi \fi 
l.1070 
       ]
Package epstopdf Info: Source file: <imagenes/Bad_1_30.eps>
(epstopdf)                    date: 2017-12-28 02:05:43
(epstopdf)                    size: 9648 bytes
(epstopdf)             Output file: <imagenes/Bad_1_30-eps-converted-to.pdf>
(epstopdf)                    date: 2017-12-28 02:07:08
(epstopdf)                    size: 10889 bytes
(epstopdf)             Command: <epstopdf --outfile=imagenes/Bad_1_30-eps-conve
rted-to.pdf imagenes/Bad_1_30.eps>
(epstopdf)             \includegraphics on input line 1073.
Package epstopdf Info: Output file is already uptodate.

<imagenes/Bad_1_30-eps-converted-to.pdf, id=619, 752.8125pt x 416.55624pt>
File: imagenes/Bad_1_30-eps-converted-to.pdf Graphic file (type pdf)

<use imagenes/Bad_1_30-eps-converted-to.pdf>
Package pdftex.def Info: imagenes/Bad_1_30-eps-converted-to.pdf used on input l
ine 1073.
(pdftex.def)             Requested size: 376.40532pt x 208.2776pt.

<imagenes/MAE_30.png, id=620, 751.30687pt x 362.85562pt>
File: imagenes/MAE_30.png Graphic file (type png)

<use imagenes/MAE_30.png>
Package pdftex.def Info: imagenes/MAE_30.png used on input line 1080.
(pdftex.def)             Requested size: 375.65251pt x 181.42737pt.
File: imagenes/Interior_Logo.png Graphic file (type png)
 <use imagenes/Interior_Logo.png>
Package pdftex.def Info: imagenes/Interior_Logo.png used on input line 1083.
(pdftex.def)             Requested size: 213.43686pt x 21.19914pt.
 [35pdfTeX warning (ext4): destination with the same identifier (name{figure.8}
) has been already used, duplicate ignored

\AtBegShi@Output ...ipout \box \AtBeginShipoutBox 
                                                  \fi \fi 
l.1083 
       pdfTeX warning (ext4): destination with the same identifier (name{figure
.9}) has been already used, duplicate ignored

\AtBegShi@Output ...ipout \box \AtBeginShipoutBox 
                                                  \fi \fi 
l.1083 
        <./imagenes/Good_1_30-eps-converted-to.pdf> <./imagenes/Bad_1_30-eps-co
nverted-to.pdf>]
Underfull \hbox (badness 10000) in paragraph at lines 1085--1086

 []

File: imagenes/Interior_Logo.png Graphic file (type png)
<use imagenes/Interior_Logo.png>
Package pdftex.def Info: imagenes/Interior_Logo.png used on input line 1137.
(pdftex.def)             Requested size: 213.43686pt x 21.19914pt.
 [36pdfTeX warning (ext4): destination with the same identifier (name{figure.10
}) has been already used, duplicate ignored

\AtBegShi@Output ...ipout \box \AtBeginShipoutBox 
                                                  \fi \fi 
l.1137 
       pdfTeX warning (ext4): destination with the same identifier (name{table.
15}) has been already used, duplicate ignored

\AtBegShi@Output ...ipout \box \AtBeginShipoutBox 
                                                  \fi \fi 
l.1137 
        <./imagenes/MAE_30.png (PNG copy)>]
Package epstopdf Info: Source file: <imagenes/Good_12.eps>
(epstopdf)                    date: 2017-12-28 02:21:47
(epstopdf)                    size: 8144 bytes
(epstopdf)             Output file: <imagenes/Good_12-eps-converted-to.pdf>
(epstopdf)                    date: 2017-12-28 02:22:33
(epstopdf)                    size: 8642 bytes
(epstopdf)             Command: <epstopdf --outfile=imagenes/Good_12-eps-conver
ted-to.pdf imagenes/Good_12.eps>
(epstopdf)             \includegraphics on input line 1142.
Package epstopdf Info: Output file is already uptodate.

<imagenes/Good_12-eps-converted-to.pdf, id=647, 752.8125pt x 393.47pt>
File: imagenes/Good_12-eps-converted-to.pdf Graphic file (type pdf)

<use imagenes/Good_12-eps-converted-to.pdf>
Package pdftex.def Info: imagenes/Good_12-eps-converted-to.pdf used on input li
ne 1142.
(pdftex.def)             Requested size: 376.40532pt x 196.73451pt.
Package epstopdf Info: Source file: <imagenes/Bad_12.eps>
(epstopdf)                    date: 2017-12-28 02:22:12
(epstopdf)                    size: 8143 bytes
(epstopdf)             Output file: <imagenes/Bad_12-eps-converted-to.pdf>
(epstopdf)                    date: 2017-12-28 02:22:34
(epstopdf)                    size: 8646 bytes
(epstopdf)             Command: <epstopdf --outfile=imagenes/Bad_12-eps-convert
ed-to.pdf imagenes/Bad_12.eps>
(epstopdf)             \includegraphics on input line 1149.
Package epstopdf Info: Output file is already uptodate.

<imagenes/Bad_12-eps-converted-to.pdf, id=648, 752.8125pt x 393.47pt>
File: imagenes/Bad_12-eps-converted-to.pdf Graphic file (type pdf)

<use imagenes/Bad_12-eps-converted-to.pdf>
Package pdftex.def Info: imagenes/Bad_12-eps-converted-to.pdf used on input lin
e 1149.
(pdftex.def)             Requested size: 376.40532pt x 196.73451pt.
File: imagenes/Interior_Logo.png Graphic file (type png)
 <use imagenes/Interior_Logo.png>
Package pdftex.def Info: imagenes/Interior_Logo.png used on input line 1153.
(pdftex.def)             Requested size: 213.43686pt x 21.19914pt.

[37pdfTeX warning (ext4): destination with the same identifier (name{table.16})
 has been already used, duplicate ignored

\AtBegShi@Output ...ipout \box \AtBeginShipoutBox 
                                                  \fi \fi 
l.1153 
       pdfTeX warning (ext4): destination with the same identifier (name{figure
.11}) has been already used, duplicate ignored

\AtBegShi@Output ...ipout \box \AtBeginShipoutBox 
                                                  \fi \fi 
l.1153 
        <./imagenes/Good_12-eps-converted-to.pdf>]
<imagenes/MAE_12.png, id=660, 751.30687pt x 362.85562pt>
File: imagenes/MAE_12.png Graphic file (type png)

<use imagenes/MAE_12.png>
Package pdftex.def Info: imagenes/MAE_12.png used on input line 1156.
(pdftex.def)             Requested size: 375.65251pt x 181.42737pt.
File: imagenes/Interior_Logo.png Graphic file (type png)
 <use imagenes/Interior_Logo.png>
Package pdftex.def Info: imagenes/Interior_Logo.png used on input line 1160.
(pdftex.def)             Requested size: 213.43686pt x 21.19914pt.
 [38pdfTeX warning (ext4): destination with the same identifier (name{figure.12
}) has been already used, duplicate ignored

\AtBegShi@Output ...ipout \box \AtBeginShipoutBox 
                                                  \fi \fi 
l.1160 \newpage
               pdfTeX warning (ext4): destination with the same identifier (nam
e{figure.13}) has been already used, duplicate ignored

\AtBegShi@Output ...ipout \box \AtBeginShipoutBox 
                                                  \fi \fi 
l.1160 \newpage
                <./imagenes/Bad_12-eps-converted-to.pdf> <./imagenes/MAE_12.png
 (PNG copy)>]
Underfull \hbox (badness 10000) in paragraph at lines 1162--1163

 []


Underfull \hbox (badness 10000) in paragraph at lines 1164--1165

 []


Underfull \hbox (badness 10000) in paragraph at lines 1166--1167

 []

<imagenes/App.png, id=674, 472.01344pt x 1028.34187pt>
File: imagenes/App.png Graphic file (type png)
 <use imagenes/App.png>
Package pdftex.def Info: imagenes/App.png used on input line 1172.
(pdftex.def)             Requested size: 283.21025pt x 617.00989pt.
File: imagenes/Interior_Logo.png Graphic file (type png)

<use imagenes/Interior_Logo.png>
Package pdftex.def Info: imagenes/Interior_Logo.png used on input line 1176.
(pdftex.def)             Requested size: 213.43686pt x 21.19914pt.
 [39]
File: imagenes/Interior_Logo.png Graphic file (type png)
 <use imagenes/Interior_Logo.png>
Package pdftex.def Info: imagenes/Interior_Logo.png used on input line 1177.
(pdftex.def)             Requested size: 213.43686pt x 21.19914pt.
 [40pdfTeX warning (ext4): destination with the same identifier (name{figure.14
}) has been already used, duplicate ignored

\AtBegShi@Output ...ipout \box \AtBeginShipoutBox 
                                                  \fi \fi 
l.1177 \newpage
                <./imagenes/App.png>]
File: imagenes/Interior_Logo.png Graphic file (type png)
 <use imagenes/Interior_Logo.png>
Package pdftex.def Info: imagenes/Interior_Logo.png used on input line 1198.
(pdftex.def)             Requested size: 213.43686pt x 21.19914pt.
 [41]
File: imagenes/Interior_Logo.png Graphic file (type png)

<use imagenes/Interior_Logo.png>
Package pdftex.def Info: imagenes/Interior_Logo.png used on input line 1202.
(pdftex.def)             Requested size: 213.43686pt x 21.19914pt.
 [42]
File: imagenes/Interior_Logo.png Graphic file (type png)
 <use imagenes/Interior_Logo.png>
Package pdftex.def Info: imagenes/Interior_Logo.png used on input line 1224.
(pdftex.def)             Requested size: 213.43686pt x 21.19914pt.
 [43pdfTeX warning (ext4): destination with the same identifier (name{table.17}
) has been already used, duplicate ignored

\AtBegShi@Output ...ipout \box \AtBeginShipoutBox 
                                                  \fi \fi 
l.1224 \newpage
               ] (Aldo_TFM.bbl
Underfull \hbox (badness 10000) in paragraph at lines 4--8
[]\OT1/cmr/m/n/12 About our mar-ket.  []$\OT1/cmtt/m/n/12 http : / / www . omie
 . es / en / home /
 []

File: imagenes/Interior_Logo.png Graphic file (type png)
<use imagenes/Interior_Logo.png>
Package pdftex.def Info: imagenes/Interior_Logo.png used on input line 89.
(pdftex.def)             Requested size: 213.43686pt x 21.19914pt.
 [44]
Underfull \hbox (badness 1735) in paragraph at lines 112--116
[]\OT1/cmr/m/sc/12 Hyndman, R. J.  \OT1/cmr/m/n/12 The difference between predi
ction intervals and
 []

File: imagenes/Interior_Logo.png Graphic file (type png)
<use imagenes/Interior_Logo.png>
Package pdftex.def Info: imagenes/Interior_Logo.png used on input line 177.
(pdftex.def)             Requested size: 213.43686pt x 21.19914pt.
 [45]
Underfull \hbox (badness 1231) in paragraph at lines 223--231
[]\OT1/cmr/m/sc/12 Schmalensee, R., Bulovic, V., Armstrong, R., Batlle, C.,
 []

File: imagenes/Interior_Logo.png Graphic file (type png)
<use imagenes/Interior_Logo.png>
Package pdftex.def Info: imagenes/Interior_Logo.png used on input line 257.
(pdftex.def)             Requested size: 213.43686pt x 21.19914pt.
 [46])
Package atveryend Info: Empty hook `BeforeClearDocument' on input line 1228.
File: imagenes/Interior_Logo.png Graphic file (type png)
 <use imagenes/Interior_Logo.png>
Package pdftex.def Info: imagenes/Interior_Logo.png used on input line 1228.
(pdftex.def)             Requested size: 213.43686pt x 21.19914pt.

[47]
Package atveryend Info: Empty hook `AfterLastShipout' on input line 1228.
 (Aldo_TFM.aux)
Package atveryend Info: Executing hook `AtVeryEndDocument' on input line 1228.
Package atveryend Info: Executing hook `AtEndAfterFileList' on input line 1228.

Package rerunfilecheck Info: File `Aldo_TFM.out' has not changed.
(rerunfilecheck)             Checksum: 386F2FA00A03AA15A2401BC60C1D8173;1554.


LaTeX Warning: There were multiply-defined labels.

Package atveryend Info: Empty hook `AtVeryVeryEnd' on input line 1228.
 ) 
Here is how much of TeX's memory you used:
 11168 strings out of 493333
 153599 string characters out of 3139173
 334632 words of memory out of 3000000
 14249 multiletter control sequences out of 15000+200000
 14832 words of font info for 57 fonts, out of 3000000 for 9000
 1141 hyphenation exceptions out of 8191
 40i,18n,72p,1075b,1794s stack positions out of 5000i,500n,10000p,200000b,50000s
<D:/Program Files/MiKTeX 2.9/fonts/type1/public/amsfonts/cm/cmbx12.pfb><D:/Pr
ogram Files/MiKTeX 2.9/fonts/type1/public/amsfonts/cm/cmcsc10.pfb><D:/Program F
iles/MiKTeX 2.9/fonts/type1/public/amsfonts/cm/cmex10.pfb><D:/Program Files/MiK
TeX 2.9/fonts/type1/public/amsfonts/cm/cmitt10.pfb><D:/Program Files/MiKTeX 2.9
/fonts/type1/public/amsfonts/cm/cmmi10.pfb><D:/Program Files/MiKTeX 2.9/fonts/t
ype1/public/amsfonts/cm/cmmi12.pfb><D:/Program Files/MiKTeX 2.9/fonts/type1/pub
lic/amsfonts/cm/cmmi5.pfb><D:/Program Files/MiKTeX 2.9/fonts/type1/public/amsfo
nts/cm/cmmi6.pfb><D:/Program Files/MiKTeX 2.9/fonts/type1/public/amsfonts/cm/cm
mi7.pfb><D:/Program Files/MiKTeX 2.9/fonts/type1/public/amsfonts/cm/cmmi8.pfb><
D:/Program Files/MiKTeX 2.9/fonts/type1/public/amsfonts/cm/cmr10.pfb><D:/Progra
m Files/MiKTeX 2.9/fonts/type1/public/amsfonts/cm/cmr12.pfb><D:/Program Files/M
iKTeX 2.9/fonts/type1/public/amsfonts/cm/cmr6.pfb><D:/Program Files/MiKTeX 2.9/
fonts/type1/public/amsfonts/cm/cmr7.pfb><D:/Program Files/MiKTeX 2.9/fonts/type
1/public/amsfonts/cm/cmr8.pfb><D:/Program Files/MiKTeX 2.9/fonts/type1/public/a
msfonts/cm/cmss17.pfb><D:/Program Files/MiKTeX 2.9/fonts/type1/public/amsfonts/
cm/cmssbx10.pfb><D:/Program Files/MiKTeX 2.9/fonts/type1/public/amsfonts/cm/cms
si17.pfb><D:/Program Files/MiKTeX 2.9/fonts/type1/public/amsfonts/cm/cmsy10.pfb
><D:/Program Files/MiKTeX 2.9/fonts/type1/public/amsfonts/cm/cmsy6.pfb><D:/Prog
ram Files/MiKTeX 2.9/fonts/type1/public/amsfonts/cm/cmsy7.pfb><D:/Program Files
/MiKTeX 2.9/fonts/type1/public/amsfonts/cm/cmsy8.pfb><D:/Program Files/MiKTeX 2
.9/fonts/type1/public/amsfonts/cm/cmti12.pfb><D:/Program Files/MiKTeX 2.9/fonts
/type1/public/amsfonts/cm/cmtt10.pfb><D:/Program Files/MiKTeX 2.9/fonts/type1/p
ublic/amsfonts/cm/cmtt12.pfb><D:/Program Files/MiKTeX 2.9/fonts/type1/public/am
sfonts/symbols/msbm10.pfb>
Output written on Aldo_TFM.pdf (48 pages, 6509244 bytes).
PDF statistics:
 859 PDF objects out of 1000 (max. 8388607)
 237 named destinations out of 1000 (max. 500000)
 265 words of extra memory for PDF output out of 10000 (max. 10000000)

